Serial:
Encoding time = 0.0006777 sec 
Estimated Compression Rate = 6.36737
Decoding time = 0.0002643 sec 

Standard, 2 threads:
Encoding time = 0.0007676 sec 
Estimated Compression Rate = 5.39607
Decoding time = 0.0004528 sec 

Standard, 4 threads:
Encoding time = 0.0009506 sec 
Estimated Compression Rate = 4.52431
Decoding time = 0.0006385 sec 

Standard, 8 threads:
Encoding time = 0.0017519 sec 
Estimated Compression Rate = 4.18906
Decoding time = 0.001139 sec 

Parallel, 3 blocks:
Encoding time = 0.0010564 sec 
Estimated Compression Rate = 6.13489
Decoding time = 0.0005338 sec 

Parallel, 7 blocks:
Encoding time = 0.001369 sec 
Estimated Compression Rate = 5.7228
Decoding time = 0.0007473 sec 

Parallel, 15 blocks:
Encoding time = 0.0024106 sec 
Estimated Compression Rate = 5.12627
Decoding time = 0.0014988 sec 

Parallel, 31 blocks:
Encoding time = 0.0048078 sec 
Estimated Compression Rate = 5.05347
Decoding time = 0.0025231 sec 

Parallel, 63 blocks:
Encoding time = 0.0080899 sec 
Estimated Compression Rate = 4.21533
Decoding time = 0.0048606 sec 
