Serial:
Encoding time = 0.0930373 sec 
Estimated Compression Rate = 2.58249
Decoding time = 0.0382512 sec 

Standard, 2 threads:
Encoding time = 0.0558834 sec 
Estimated Compression Rate = 2.46496
Decoding time = 0.0351783 sec 

Standard, 4 threads:
Encoding time = 0.0398293 sec 
Estimated Compression Rate = 2.35029
Decoding time = 0.0314709 sec 

Standard, 8 threads:
Encoding time = 0.0347185 sec 
Estimated Compression Rate = 2.23991
Decoding time = 0.0399841 sec 

Parallel, 3 blocks:
Encoding time = 0.0823431 sec 
Estimated Compression Rate = 2.67526
Decoding time = 0.03152 sec 

Parallel, 7 blocks:
Encoding time = 0.0651695 sec 
Estimated Compression Rate = 2.57044
Decoding time = 0.0376939 sec 

Parallel, 15 blocks:
Encoding time = 0.0686267 sec 
Estimated Compression Rate = 2.59058
Decoding time = 0.0536351 sec 

Parallel, 31 blocks:
Encoding time = 0.0926492 sec 
Estimated Compression Rate = 2.58909
Decoding time = 0.0884227 sec 

Parallel, 63 blocks:
Encoding time = 0.107465 sec 
Estimated Compression Rate = 2.39803
Decoding time = 0.107505 sec 
