Serial:
Encoding time = 0.0001737 sec 
Estimated Compression Rate = 6.26786
Decoding time = 0.0001029 sec 

Standard, 2 threads:
Encoding time = 0.0004723 sec 
Estimated Compression Rate = 2.65909
Decoding time = 0.0002999 sec 

Standard, 4 threads:
Encoding time = 0.0006236 sec 
Estimated Compression Rate = 1.73762
Decoding time = 0.0004421 sec 

Standard, 8 threads:
Encoding time = 0.0015888 sec 
Estimated Compression Rate = 1.2952
Decoding time = 0.0009416 sec 

Parallel, 3 blocks:
Encoding time = 0.0007253 sec 
Estimated Compression Rate = 3.375
Decoding time = 0.0004112 sec 

Parallel, 7 blocks:
Encoding time = 0.0012632 sec 
Estimated Compression Rate = 2.54348
Decoding time = 0.0006151 sec 

Parallel, 15 blocks:
Encoding time = 0.0020546 sec 
Estimated Compression Rate = 1.67943
Decoding time = 0.0010555 sec 

Parallel, 31 blocks:
Encoding time = 0.0042018 sec 
Estimated Compression Rate = 1.40964
Decoding time = 0.0022823 sec 

Parallel, 63 blocks:
Encoding time = 0.0084596 sec 
Estimated Compression Rate = 1.23158
Decoding time = 0.0042938 sec 
