Serial:
Encoding time = 0.0002572 sec 
Estimated Compression Rate = 1.12527
Decoding time = 0.0002336 sec 

Standard, 2 threads:
Encoding time = 0.0005223 sec 
Estimated Compression Rate = 0.981783
Decoding time = 0.000412 sec 

Standard, 4 threads:
Encoding time = 0.000813 sec 
Estimated Compression Rate = 0.997079
Decoding time = 0.000884 sec 

Standard, 8 threads:
Encoding time = 0.0016372 sec 
Estimated Compression Rate = 0.947271
Decoding time = 0.0007983 sec 

Standard, 16 threads:
Encoding time = 0.0028211 sec 
Estimated Compression Rate = 0.920036
Decoding time = 0.0019026 sec 

Standard, 32 threads:
Encoding time = 0.0057533 sec 
Estimated Compression Rate = 0.905393
Decoding time = 0.0026386 sec 

Parallel, 3 blocks:
Encoding time = 0.0008201 sec 
Estimated Compression Rate = 1.07789
Decoding time = 0.0004903 sec 

Parallel, 7 blocks:
Encoding time = 0.0012693 sec 
Estimated Compression Rate = 1.01688
Decoding time = 0.0006462 sec 

Parallel, 15 blocks:
Encoding time = 0.0024751 sec 
Estimated Compression Rate = 1.07001
Decoding time = 0.0012201 sec 

Parallel, 31 blocks:
Encoding time = 0.0043093 sec 
Estimated Compression Rate = 1.02196
Decoding time = 0.0026771 sec 

Parallel, 63 blocks:
Encoding time = 0.0079829 sec 
Estimated Compression Rate = 0.975238
Decoding time = 0.0050798 sec 
