Serial:
Encoding time = 0.19109 sec 
Estimated Compression Rate = 1.34862
Decoding time = 0.110823 sec 

Standard, 2 threads:
Encoding time = 0.113873 sec 
Estimated Compression Rate = 1.34597
Decoding time = 0.080258 sec 

Standard, 4 threads:
Encoding time = 0.0726165 sec 
Estimated Compression Rate = 1.34536
Decoding time = 0.0683136 sec 

Standard, 8 threads:
Encoding time = 0.0766052 sec 
Estimated Compression Rate = 1.33214
Decoding time = 0.0764749 sec 

Parallel, 3 blocks:
Encoding time = 0.174934 sec 
Estimated Compression Rate = 1.40408
Decoding time = 0.0761961 sec 

Parallel, 7 blocks:
Encoding time = 0.137263 sec 
Estimated Compression Rate = 1.37736
Decoding time = 0.0824403 sec 

Parallel, 15 blocks:
Encoding time = 0.134774 sec 
Estimated Compression Rate = 1.427
Decoding time = 0.115926 sec 

Parallel, 31 blocks:
Encoding time = 0.182818 sec 
Estimated Compression Rate = 1.47267
Decoding time = 0.177382 sec 

Parallel, 63 blocks:
Encoding time = 0.224421 sec 
Estimated Compression Rate = 1.40911
Decoding time = 0.210591 sec 
